<?xml version="1.0" encoding="UTF-8"?>
<testng-results skipped="0" failed="0" total="1" passed="1">
  <reporter-output>
  </reporter-output>
  <suite name="Default suite" duration-ms="2201" started-at="2019-03-10T20:45:53Z" finished-at="2019-03-10T20:45:55Z">
    <groups>
    </groups>
    <test name="Default test" duration-ms="2201" started-at="2019-03-10T20:45:53Z" finished-at="2019-03-10T20:45:55Z">
      <class name="com.src.RestAssuredBDD.readRestAPIData">
        <test-method status="PASS" signature="test_main_data()[pri:0, instance:com.src.RestAssuredBDD.readRestAPIData@3a82f6ef]" name="test_main_data" duration-ms="2178" started-at="2019-03-10T20:45:53Z" finished-at="2019-03-10T20:45:55Z">
          <reporter-output>
          </reporter-output>
        </test-method> <!-- test_main_data -->
      </class> <!-- com.src.RestAssuredBDD.readRestAPIData -->
    </test> <!-- Default test -->
  </suite> <!-- Default suite -->
</testng-results>
